[  4%] Built target controller_manager_example
[ 13%] Built target interactivity_utils
[ 18%] Built target ros_api_tutorial
[ 20%] [32mBuilding CXX object doc/motion_planning_api/CMakeFiles/motion_planning_api_tutorial.dir/src/motion_planning_api_tutorial.cpp.o[0m
[ 22%] [32mBuilding CXX object doc/motion_planning_pipeline/CMakeFiles/motion_planning_pipeline_tutorial.dir/src/motion_planning_pipeline_tutorial.cpp.o[0m
[ 27%] Built target move_group_interface_tutorial
[ 31%] Built target cylinder_segment
[35m[1mScanning dependencies of target bag_publisher_maintain_time[0m
[ 34%] [32mBuilding CXX object doc/perception_pipeline/CMakeFiles/bag_publisher_maintain_time.dir/src/bag_publisher_maintain_time.cpp.o[0m
[35m[1mScanning dependencies of target pick_place_tutorial[0m
[ 36%] [32mBuilding CXX object doc/pick_place/CMakeFiles/pick_place_tutorial.dir/src/pick_place_tutorial.cpp.o[0m
[ 38%] [32m[1mLinking CXX executable /home/academy/iiwa_stack_ws/devel/.private/moveit_tutorials/lib/moveit_tutorials/bag_publisher_maintain_time[0m
[ 38%] Built target bag_publisher_maintain_time
[35m[1mScanning dependencies of target planning_scene_tutorial[0m
[01m[Kc++:[m[K [01;31m[Kinternal compiler error: [m[KKilled (program cc1plus)
Please submit a full bug report,
with preprocessed source if appropriate.
See <file:///usr/share/doc/gcc-7/README.Bugs> for instructions.
make[2]: *** [doc/motion_planning_api/CMakeFiles/motion_planning_api_tutorial.dir/src/motion_planning_api_tutorial.cpp.o] Error 4
make[1]: *** [doc/motion_planning_api/CMakeFiles/motion_planning_api_tutorial.dir/all] Error 2
make[1]: *** Waiting for unfinished jobs....
doc/motion_planning_api/CMakeFiles/motion_planning_api_tutorial.dir/build.make:62: recipe for target 'doc/motion_planning_api/CMakeFiles/motion_planning_api_tutorial.dir/src/motion_planning_api_tutorial.cpp.o' failed
CMakeFiles/Makefile2:4325: recipe for target 'doc/motion_planning_api/CMakeFiles/motion_planning_api_tutorial.dir/all' failed
[ 40%] [32mBuilding CXX object doc/planning_scene/CMakeFiles/planning_scene_tutorial.dir/src/planning_scene_tutorial.cpp.o[0m
[ 43%] [32m[1mLinking CXX executable /home/academy/iiwa_stack_ws/devel/.private/moveit_tutorials/lib/moveit_tutorials/pick_place_tutorial[0m
[ 43%] Built target pick_place_tutorial
[ 45%] [32m[1mLinking CXX executable /home/academy/iiwa_stack_ws/devel/.private/moveit_tutorials/lib/moveit_tutorials/motion_planning_pipeline_tutorial[0m
[ 47%] [32m[1mLinking CXX executable /home/academy/iiwa_stack_ws/devel/.private/moveit_tutorials/lib/moveit_tutorials/planning_scene_tutorial[0m
[ 47%] Built target motion_planning_pipeline_tutorial
[ 47%] Built target planning_scene_tutorial
Makefile:140: recipe for target 'all' failed
make: *** [all] Error 2
