Determining if the pthread_create exist failed with the following output:
Change Dir: /home/academy/iiwa_stack_ws/build/iiwa_hw/CMakeFiles/CMakeTmp

Run Build Command:"/usr/bin/make" "cmTC_1608e/fast"
/usr/bin/make -f CMakeFiles/cmTC_1608e.dir/build.make CMakeFiles/cmTC_1608e.dir/build
make[1]: Entering directory '/home/academy/iiwa_stack_ws/build/iiwa_hw/CMakeFiles/CMakeTmp'
Building C object CMakeFiles/cmTC_1608e.dir/CheckSymbolExists.c.o
/usr/bin/cc    -o CMakeFiles/cmTC_1608e.dir/CheckSymbolExists.c.o   -c /home/academy/iiwa_stack_ws/build/iiwa_hw/CMakeFiles/CMakeTmp/CheckSymbolExists.c
Linking C executable cmTC_1608e
/usr/bin/cmake -E cmake_link_script CMakeFiles/cmTC_1608e.dir/link.txt --verbose=1
/usr/bin/cc      -rdynamic CMakeFiles/cmTC_1608e.dir/CheckSymbolExists.c.o  -o cmTC_1608e 
CMakeFiles/cmTC_1608e.dir/CheckSymbolExists.c.o: In function `main':
CheckSymbolExists.c:(.text+0x1b): undefined reference to `pthread_create'
collect2: error: ld returned 1 exit status
CMakeFiles/cmTC_1608e.dir/build.make:97: recipe for target 'cmTC_1608e' failed
make[1]: *** [cmTC_1608e] Error 1
make[1]: Leaving directory '/home/academy/iiwa_stack_ws/build/iiwa_hw/CMakeFiles/CMakeTmp'
Makefile:126: recipe for target 'cmTC_1608e/fast' failed
make: *** [cmTC_1608e/fast] Error 2

File /home/academy/iiwa_stack_ws/build/iiwa_hw/CMakeFiles/CMakeTmp/CheckSymbolExists.c:
/* */
#include <pthread.h>

int main(int argc, char** argv)
{
  (void)argv;
#ifndef pthread_create
  return ((int*)(&pthread_create))[argc];
#else
  (void)argc;
  return 0;
#endif
}

Determining if the function pthread_create exists in the pthreads failed with the following output:
Change Dir: /home/academy/iiwa_stack_ws/build/iiwa_hw/CMakeFiles/CMakeTmp

Run Build Command:"/usr/bin/make" "cmTC_bc005/fast"
/usr/bin/make -f CMakeFiles/cmTC_bc005.dir/build.make CMakeFiles/cmTC_bc005.dir/build
make[1]: Entering directory '/home/academy/iiwa_stack_ws/build/iiwa_hw/CMakeFiles/CMakeTmp'
Building C object CMakeFiles/cmTC_bc005.dir/CheckFunctionExists.c.o
/usr/bin/cc   -DCHECK_FUNCTION_EXISTS=pthread_create   -o CMakeFiles/cmTC_bc005.dir/CheckFunctionExists.c.o   -c /usr/share/cmake-3.10/Modules/CheckFunctionExists.c
Linking C executable cmTC_bc005
/usr/bin/cmake -E cmake_link_script CMakeFiles/cmTC_bc005.dir/link.txt --verbose=1
/usr/bin/cc  -DCHECK_FUNCTION_EXISTS=pthread_create    -rdynamic CMakeFiles/cmTC_bc005.dir/CheckFunctionExists.c.o  -o cmTC_bc005 -lpthreads 
/usr/bin/ld: cannot find -lpthreads
collect2: error: ld returned 1 exit status
CMakeFiles/cmTC_bc005.dir/build.make:97: recipe for target 'cmTC_bc005' failed
make[1]: *** [cmTC_bc005] Error 1
make[1]: Leaving directory '/home/academy/iiwa_stack_ws/build/iiwa_hw/CMakeFiles/CMakeTmp'
Makefile:126: recipe for target 'cmTC_bc005/fast' failed
make: *** [cmTC_bc005/fast] Error 2


