Determining if the pthread_create exist failed with the following output:
Change Dir: /home/academy/iiwa_stack_ws/build/catkin_tools_prebuild/CMakeFiles/CMakeTmp

Run Build Command:"/usr/bin/make" "cmTC_2d052/fast"
/usr/bin/make -f CMakeFiles/cmTC_2d052.dir/build.make CMakeFiles/cmTC_2d052.dir/build
make[1]: Entering directory '/home/academy/iiwa_stack_ws/build/catkin_tools_prebuild/CMakeFiles/CMakeTmp'
Building C object CMakeFiles/cmTC_2d052.dir/CheckSymbolExists.c.o
/usr/bin/cc    -o CMakeFiles/cmTC_2d052.dir/CheckSymbolExists.c.o   -c /home/academy/iiwa_stack_ws/build/catkin_tools_prebuild/CMakeFiles/CMakeTmp/CheckSymbolExists.c
Linking C executable cmTC_2d052
/usr/bin/cmake -E cmake_link_script CMakeFiles/cmTC_2d052.dir/link.txt --verbose=1
/usr/bin/cc      -rdynamic CMakeFiles/cmTC_2d052.dir/CheckSymbolExists.c.o  -o cmTC_2d052 
CMakeFiles/cmTC_2d052.dir/CheckSymbolExists.c.o: In function `main':
CheckSymbolExists.c:(.text+0x1b): undefined reference to `pthread_create'
collect2: error: ld returned 1 exit status
CMakeFiles/cmTC_2d052.dir/build.make:97: recipe for target 'cmTC_2d052' failed
make[1]: *** [cmTC_2d052] Error 1
make[1]: Leaving directory '/home/academy/iiwa_stack_ws/build/catkin_tools_prebuild/CMakeFiles/CMakeTmp'
Makefile:126: recipe for target 'cmTC_2d052/fast' failed
make: *** [cmTC_2d052/fast] Error 2

File /home/academy/iiwa_stack_ws/build/catkin_tools_prebuild/CMakeFiles/CMakeTmp/CheckSymbolExists.c:
/* */
#include <pthread.h>

int main(int argc, char** argv)
{
  (void)argv;
#ifndef pthread_create
  return ((int*)(&pthread_create))[argc];
#else
  (void)argc;
  return 0;
#endif
}

Determining if the function pthread_create exists in the pthreads failed with the following output:
Change Dir: /home/academy/iiwa_stack_ws/build/catkin_tools_prebuild/CMakeFiles/CMakeTmp

Run Build Command:"/usr/bin/make" "cmTC_27321/fast"
/usr/bin/make -f CMakeFiles/cmTC_27321.dir/build.make CMakeFiles/cmTC_27321.dir/build
make[1]: Entering directory '/home/academy/iiwa_stack_ws/build/catkin_tools_prebuild/CMakeFiles/CMakeTmp'
Building C object CMakeFiles/cmTC_27321.dir/CheckFunctionExists.c.o
/usr/bin/cc   -DCHECK_FUNCTION_EXISTS=pthread_create   -o CMakeFiles/cmTC_27321.dir/CheckFunctionExists.c.o   -c /usr/share/cmake-3.10/Modules/CheckFunctionExists.c
Linking C executable cmTC_27321
/usr/bin/cmake -E cmake_link_script CMakeFiles/cmTC_27321.dir/link.txt --verbose=1
/usr/bin/cc  -DCHECK_FUNCTION_EXISTS=pthread_create    -rdynamic CMakeFiles/cmTC_27321.dir/CheckFunctionExists.c.o  -o cmTC_27321 -lpthreads 
/usr/bin/ld: cannot find -lpthreads
collect2: error: ld returned 1 exit status
CMakeFiles/cmTC_27321.dir/build.make:97: recipe for target 'cmTC_27321' failed
make[1]: *** [cmTC_27321] Error 1
make[1]: Leaving directory '/home/academy/iiwa_stack_ws/build/catkin_tools_prebuild/CMakeFiles/CMakeTmp'
Makefile:126: recipe for target 'cmTC_27321/fast' failed
make: *** [cmTC_27321/fast] Error 2


