Determining if the pthread_create exist failed with the following output:
Change Dir: /home/academy/iiwa_stack_ws/build/roslibjs_experimental/CMakeFiles/CMakeTmp

Run Build Command:"/usr/bin/make" "cmTC_10c11/fast"
/usr/bin/make -f CMakeFiles/cmTC_10c11.dir/build.make CMakeFiles/cmTC_10c11.dir/build
make[1]: Entering directory '/home/academy/iiwa_stack_ws/build/roslibjs_experimental/CMakeFiles/CMakeTmp'
Building C object CMakeFiles/cmTC_10c11.dir/CheckSymbolExists.c.o
/usr/bin/cc    -o CMakeFiles/cmTC_10c11.dir/CheckSymbolExists.c.o   -c /home/academy/iiwa_stack_ws/build/roslibjs_experimental/CMakeFiles/CMakeTmp/CheckSymbolExists.c
Linking C executable cmTC_10c11
/usr/bin/cmake -E cmake_link_script CMakeFiles/cmTC_10c11.dir/link.txt --verbose=1
/usr/bin/cc      -rdynamic CMakeFiles/cmTC_10c11.dir/CheckSymbolExists.c.o  -o cmTC_10c11 
CMakeFiles/cmTC_10c11.dir/CheckSymbolExists.c.o: In function `main':
CheckSymbolExists.c:(.text+0x1b): undefined reference to `pthread_create'
collect2: error: ld returned 1 exit status
CMakeFiles/cmTC_10c11.dir/build.make:97: recipe for target 'cmTC_10c11' failed
make[1]: *** [cmTC_10c11] Error 1
make[1]: Leaving directory '/home/academy/iiwa_stack_ws/build/roslibjs_experimental/CMakeFiles/CMakeTmp'
Makefile:126: recipe for target 'cmTC_10c11/fast' failed
make: *** [cmTC_10c11/fast] Error 2

File /home/academy/iiwa_stack_ws/build/roslibjs_experimental/CMakeFiles/CMakeTmp/CheckSymbolExists.c:
/* */
#include <pthread.h>

int main(int argc, char** argv)
{
  (void)argv;
#ifndef pthread_create
  return ((int*)(&pthread_create))[argc];
#else
  (void)argc;
  return 0;
#endif
}

Determining if the function pthread_create exists in the pthreads failed with the following output:
Change Dir: /home/academy/iiwa_stack_ws/build/roslibjs_experimental/CMakeFiles/CMakeTmp

Run Build Command:"/usr/bin/make" "cmTC_c7da0/fast"
/usr/bin/make -f CMakeFiles/cmTC_c7da0.dir/build.make CMakeFiles/cmTC_c7da0.dir/build
make[1]: Entering directory '/home/academy/iiwa_stack_ws/build/roslibjs_experimental/CMakeFiles/CMakeTmp'
Building C object CMakeFiles/cmTC_c7da0.dir/CheckFunctionExists.c.o
/usr/bin/cc   -DCHECK_FUNCTION_EXISTS=pthread_create   -o CMakeFiles/cmTC_c7da0.dir/CheckFunctionExists.c.o   -c /usr/share/cmake-3.10/Modules/CheckFunctionExists.c
Linking C executable cmTC_c7da0
/usr/bin/cmake -E cmake_link_script CMakeFiles/cmTC_c7da0.dir/link.txt --verbose=1
/usr/bin/cc  -DCHECK_FUNCTION_EXISTS=pthread_create    -rdynamic CMakeFiles/cmTC_c7da0.dir/CheckFunctionExists.c.o  -o cmTC_c7da0 -lpthreads 
/usr/bin/ld: cannot find -lpthreads
collect2: error: ld returned 1 exit status
CMakeFiles/cmTC_c7da0.dir/build.make:97: recipe for target 'cmTC_c7da0' failed
make[1]: *** [cmTC_c7da0] Error 1
make[1]: Leaving directory '/home/academy/iiwa_stack_ws/build/roslibjs_experimental/CMakeFiles/CMakeTmp'
Makefile:126: recipe for target 'cmTC_c7da0/fast' failed
make: *** [cmTC_c7da0/fast] Error 2


