Determining if the pthread_create exist failed with the following output:
Change Dir: /home/rosie2/iiwa_stack_ws_max/build/iiwa_control/CMakeFiles/CMakeTmp

Run Build Command:"/usr/bin/make" "cmTC_078b2/fast"
/usr/bin/make -f CMakeFiles/cmTC_078b2.dir/build.make CMakeFiles/cmTC_078b2.dir/build
make[1]: Entering directory '/home/rosie2/iiwa_stack_ws_max/build/iiwa_control/CMakeFiles/CMakeTmp'
Building C object CMakeFiles/cmTC_078b2.dir/CheckSymbolExists.c.o
/usr/bin/cc    -o CMakeFiles/cmTC_078b2.dir/CheckSymbolExists.c.o   -c /home/rosie2/iiwa_stack_ws_max/build/iiwa_control/CMakeFiles/CMakeTmp/CheckSymbolExists.c
Linking C executable cmTC_078b2
/usr/bin/cmake -E cmake_link_script CMakeFiles/cmTC_078b2.dir/link.txt --verbose=1
/usr/bin/cc      -rdynamic CMakeFiles/cmTC_078b2.dir/CheckSymbolExists.c.o  -o cmTC_078b2 
CMakeFiles/cmTC_078b2.dir/CheckSymbolExists.c.o: In function `main':
CheckSymbolExists.c:(.text+0x1b): undefined reference to `pthread_create'
collect2: error: ld returned 1 exit status
CMakeFiles/cmTC_078b2.dir/build.make:97: recipe for target 'cmTC_078b2' failed
make[1]: *** [cmTC_078b2] Error 1
make[1]: Leaving directory '/home/rosie2/iiwa_stack_ws_max/build/iiwa_control/CMakeFiles/CMakeTmp'
Makefile:126: recipe for target 'cmTC_078b2/fast' failed
make: *** [cmTC_078b2/fast] Error 2

File /home/rosie2/iiwa_stack_ws_max/build/iiwa_control/CMakeFiles/CMakeTmp/CheckSymbolExists.c:
/* */
#include <pthread.h>

int main(int argc, char** argv)
{
  (void)argv;
#ifndef pthread_create
  return ((int*)(&pthread_create))[argc];
#else
  (void)argc;
  return 0;
#endif
}

Determining if the function pthread_create exists in the pthreads failed with the following output:
Change Dir: /home/rosie2/iiwa_stack_ws_max/build/iiwa_control/CMakeFiles/CMakeTmp

Run Build Command:"/usr/bin/make" "cmTC_fd82f/fast"
/usr/bin/make -f CMakeFiles/cmTC_fd82f.dir/build.make CMakeFiles/cmTC_fd82f.dir/build
make[1]: Entering directory '/home/rosie2/iiwa_stack_ws_max/build/iiwa_control/CMakeFiles/CMakeTmp'
Building C object CMakeFiles/cmTC_fd82f.dir/CheckFunctionExists.c.o
/usr/bin/cc   -DCHECK_FUNCTION_EXISTS=pthread_create   -o CMakeFiles/cmTC_fd82f.dir/CheckFunctionExists.c.o   -c /usr/share/cmake-3.10/Modules/CheckFunctionExists.c
Linking C executable cmTC_fd82f
/usr/bin/cmake -E cmake_link_script CMakeFiles/cmTC_fd82f.dir/link.txt --verbose=1
/usr/bin/cc  -DCHECK_FUNCTION_EXISTS=pthread_create    -rdynamic CMakeFiles/cmTC_fd82f.dir/CheckFunctionExists.c.o  -o cmTC_fd82f -lpthreads 
/usr/bin/ld: cannot find -lpthreads
collect2: error: ld returned 1 exit status
CMakeFiles/cmTC_fd82f.dir/build.make:97: recipe for target 'cmTC_fd82f' failed
make[1]: *** [cmTC_fd82f] Error 1
make[1]: Leaving directory '/home/rosie2/iiwa_stack_ws_max/build/iiwa_control/CMakeFiles/CMakeTmp'
Makefile:126: recipe for target 'cmTC_fd82f/fast' failed
make: *** [cmTC_fd82f/fast] Error 2


