[  0%] Built target _iiwa_msgs_generate_messages_check_deps_MoveToCartesianPoseFeedback
[  0%] Built target _iiwa_msgs_generate_messages_check_deps_MoveToCartesianPoseActionResult
[  0%] Built target _iiwa_msgs_generate_messages_check_deps_JointImpedanceControlMode
[  0%] Built target _iiwa_msgs_generate_messages_check_deps_DesiredForceControlMode
[  0%] Built target _iiwa_msgs_generate_messages_check_deps_JointDamping
[  0%] Built target _iiwa_msgs_generate_messages_check_deps_SetSmartServoJointSpeedLimits
[  0%] Built target _iiwa_msgs_generate_messages_check_deps_CartesianPose
[  0%] Built target _iiwa_msgs_generate_messages_check_deps_DOF
[  0%] Built target _iiwa_msgs_generate_messages_check_deps_RedundancyInformation
[  0%] Built target _iiwa_msgs_generate_messages_check_deps_MoveAlongSplineFeedback
[  0%] Built target _iiwa_msgs_generate_messages_check_deps_MoveToCartesianPoseResult
[  0%] Built target _iiwa_msgs_generate_messages_check_deps_SetEndpointFrame
[  0%] Built target _iiwa_msgs_generate_messages_check_deps_JointPosition
[  0%] Built target _iiwa_msgs_generate_messages_check_deps_MoveAlongSplineActionResult
[  0%] Built target _iiwa_msgs_generate_messages_check_deps_SetPTPCartesianSpeedLimits
[  0%] Built target _iiwa_msgs_generate_messages_check_deps_MoveAlongSplineActionGoal
[  0%] Built target _iiwa_msgs_generate_messages_check_deps_JointPositionVelocity
[  0%] Built target _iiwa_msgs_generate_messages_check_deps_SetSpeedOverride
[  0%] Built target _iiwa_msgs_generate_messages_check_deps_ConfigureControlMode
[  0%] Built target _iiwa_msgs_generate_messages_check_deps_MoveToJointPositionActionFeedback
[  0%] Built target _iiwa_msgs_generate_messages_check_deps_CartesianQuantity
[  0%] Built target _iiwa_msgs_generate_messages_check_deps_Spline
[  0%] Built target _iiwa_msgs_generate_messages_check_deps_MoveAlongSplineResult
[  0%] Built target _iiwa_msgs_generate_messages_check_deps_SetSmartServoLinSpeedLimits
[  0%] Built target _iiwa_msgs_generate_messages_check_deps_CartesianControlModeLimits
[  0%] Built target _iiwa_msgs_generate_messages_check_deps_MoveAlongSplineGoal
[  0%] Built target _iiwa_msgs_generate_messages_check_deps_SetPTPJointSpeedLimits
[  0%] Built target _iiwa_msgs_generate_messages_check_deps_CartesianVelocity
[  0%] Built target _iiwa_msgs_generate_messages_check_deps_CartesianWrench
[  0%] Built target _iiwa_msgs_generate_messages_check_deps_SplineSegment
[  0%] Built target actionlib_msgs_generate_messages_nodejs
[  0%] Built target _iiwa_msgs_generate_messages_check_deps_JointTorque
[  0%] Built target _iiwa_msgs_generate_messages_check_deps_MoveToJointPositionResult
[  0%] Built target _iiwa_msgs_generate_messages_check_deps_JointQuantity
[  0%] Built target _iiwa_msgs_generate_messages_check_deps_JointVelocity
[  0%] Built target _iiwa_msgs_generate_messages_check_deps_MoveToCartesianPoseActionFeedback
[  0%] Built target _iiwa_msgs_generate_messages_check_deps_CartesianImpedanceControlMode
[  0%] Built target _iiwa_msgs_generate_messages_check_deps_MoveToCartesianPoseActionGoal
[  0%] Built target _iiwa_msgs_generate_messages_check_deps_SinePatternControlMode
[  0%] Built target _iiwa_msgs_generate_messages_check_deps_MoveToJointPositionGoal
[  0%] Built target _iiwa_msgs_generate_messages_check_deps_MoveToJointPositionActionResult
[  0%] Built target _iiwa_msgs_generate_messages_check_deps_MoveToJointPositionActionGoal
[  0%] Built target _iiwa_msgs_generate_messages_check_deps_MoveToJointPositionFeedback
[  0%] Built target geometry_msgs_generate_messages_nodejs
[  0%] Built target _iiwa_msgs_generate_messages_check_deps_MoveToCartesianPoseAction
[  0%] Built target _iiwa_msgs_generate_messages_check_deps_SetWorkpiece
[  0%] Built target _iiwa_msgs_generate_messages_check_deps_JointStiffness
[  0%] Built target _iiwa_msgs_generate_messages_check_deps_ControlMode
[  0%] Built target _iiwa_msgs_generate_messages_check_deps_CartesianEulerPose
[  0%] Built target std_msgs_generate_messages_nodejs
[  0%] Built target _iiwa_msgs_generate_messages_check_deps_MoveToCartesianPoseGoal
[  0%] Built target _iiwa_msgs_generate_messages_check_deps_CartesianPlane
[  0%] Built target _iiwa_msgs_generate_messages_check_deps_MoveToJointPositionAction
[  0%] Built target geometry_msgs_generate_messages_eus
[  0%] Built target _iiwa_msgs_generate_messages_check_deps_MoveAlongSplineActionFeedback
[  0%] Built target actionlib_msgs_generate_messages_eus
[  0%] Built target std_msgs_generate_messages_eus
[  0%] Built target _iiwa_msgs_generate_messages_check_deps_TimeToDestination
[  0%] Built target _iiwa_msgs_generate_messages_check_deps_MoveAlongSplineAction
[  0%] Built target geometry_msgs_generate_messages_cpp
[  0%] Built target actionlib_msgs_generate_messages_cpp
[  0%] Built target std_msgs_generate_messages_cpp
[  0%] Built target actionlib_msgs_generate_messages_py
[  0%] Built target std_msgs_generate_messages_py
[  0%] Built target geometry_msgs_generate_messages_py
[  0%] Built target geometry_msgs_generate_messages_lisp
[  0%] Built target actionlib_msgs_generate_messages_lisp
[  0%] Built target std_msgs_generate_messages_lisp
[ 20%] Built target iiwa_msgs_generate_messages_eus
[ 40%] Built target iiwa_msgs_generate_messages_nodejs
[ 59%] Built target iiwa_msgs_generate_messages_cpp
[ 80%] Built target iiwa_msgs_generate_messages_py
[100%] Built target iiwa_msgs_generate_messages_lisp
[100%] Built target iiwa_msgs_generate_messages
