[35m[1mScanning dependencies of target _iiwa_msgs_generate_messages_check_deps_JointDamping[0m
[35m[1mScanning dependencies of target _iiwa_msgs_generate_messages_check_deps_MoveToJointPositionActionResult[0m
[35m[1mScanning dependencies of target _iiwa_msgs_generate_messages_check_deps_TimeToDestination[0m
[35m[1mScanning dependencies of target _iiwa_msgs_generate_messages_check_deps_MoveAlongSplineActionFeedback[0m
[35m[1mScanning dependencies of target _iiwa_msgs_generate_messages_check_deps_CartesianPose[0m
[35m[1mScanning dependencies of target _iiwa_msgs_generate_messages_check_deps_MoveToJointPositionResult[0m
[  0%] Built target _iiwa_msgs_generate_messages_check_deps_MoveAlongSplineActionFeedback
[  0%] Built target _iiwa_msgs_generate_messages_check_deps_JointDamping
[  0%] Built target _iiwa_msgs_generate_messages_check_deps_MoveToJointPositionActionResult
[  0%] Built target _iiwa_msgs_generate_messages_check_deps_CartesianPose
[  0%] Built target _iiwa_msgs_generate_messages_check_deps_TimeToDestination
[  0%] Built target _iiwa_msgs_generate_messages_check_deps_MoveToJointPositionResult
[35m[1mScanning dependencies of target _iiwa_msgs_generate_messages_check_deps_CartesianQuantity[0m
[35m[1mScanning dependencies of target _iiwa_msgs_generate_messages_check_deps_MoveToJointPositionActionGoal[0m
[35m[1mScanning dependencies of target _iiwa_msgs_generate_messages_check_deps_SplineSegment[0m
[35m[1mScanning dependencies of target _iiwa_msgs_generate_messages_check_deps_RedundancyInformation[0m
[35m[1mScanning dependencies of target _iiwa_msgs_generate_messages_check_deps_ConfigureControlMode[0m
[35m[1mScanning dependencies of target _iiwa_msgs_generate_messages_check_deps_SetSmartServoJointSpeedLimits[0m
[  0%] Built target _iiwa_msgs_generate_messages_check_deps_MoveToJointPositionActionGoal
[  0%] Built target _iiwa_msgs_generate_messages_check_deps_CartesianQuantity
[  0%] Built target _iiwa_msgs_generate_messages_check_deps_ConfigureControlMode
[  0%] Built target _iiwa_msgs_generate_messages_check_deps_SplineSegment
[  0%] Built target _iiwa_msgs_generate_messages_check_deps_RedundancyInformation
[  0%] Built target _iiwa_msgs_generate_messages_check_deps_SetSmartServoJointSpeedLimits
[35m[1mScanning dependencies of target _iiwa_msgs_generate_messages_check_deps_MoveToJointPositionAction[0m
[35m[1mScanning dependencies of target _iiwa_msgs_generate_messages_check_deps_MoveToJointPositionFeedback[0m
[35m[1mScanning dependencies of target _iiwa_msgs_generate_messages_check_deps_MoveToCartesianPoseFeedback[0m
[35m[1mScanning dependencies of target _iiwa_msgs_generate_messages_check_deps_MoveAlongSplineFeedback[0m
[35m[1mScanning dependencies of target _iiwa_msgs_generate_messages_check_deps_MoveToCartesianPoseGoal[0m
[35m[1mScanning dependencies of target _iiwa_msgs_generate_messages_check_deps_MoveAlongSplineGoal[0m
[  0%] Built target _iiwa_msgs_generate_messages_check_deps_MoveToCartesianPoseFeedback
[  0%] Built target _iiwa_msgs_generate_messages_check_deps_MoveToJointPositionFeedback
[  0%] Built target _iiwa_msgs_generate_messages_check_deps_MoveToJointPositionAction
[  0%] Built target _iiwa_msgs_generate_messages_check_deps_MoveAlongSplineFeedback
[  0%] Built target _iiwa_msgs_generate_messages_check_deps_MoveAlongSplineGoal
[35m[1mScanning dependencies of target _iiwa_msgs_generate_messages_check_deps_JointVelocity[0m
[  0%] Built target _iiwa_msgs_generate_messages_check_deps_MoveToCartesianPoseGoal
[35m[1mScanning dependencies of target _iiwa_msgs_generate_messages_check_deps_MoveToJointPositionGoal[0m
[35m[1mScanning dependencies of target _iiwa_msgs_generate_messages_check_deps_JointQuantity[0m
[35m[1mScanning dependencies of target _iiwa_msgs_generate_messages_check_deps_Spline[0m
[35m[1mScanning dependencies of target _iiwa_msgs_generate_messages_check_deps_MoveToCartesianPoseResult[0m
[35m[1mScanning dependencies of target _iiwa_msgs_generate_messages_check_deps_SetEndpointFrame[0m
[  0%] Built target _iiwa_msgs_generate_messages_check_deps_MoveToJointPositionGoal
[  0%] Built target _iiwa_msgs_generate_messages_check_deps_JointVelocity
[  0%] Built target _iiwa_msgs_generate_messages_check_deps_JointQuantity
[35m[1mScanning dependencies of target _iiwa_msgs_generate_messages_check_deps_JointPosition[0m
[  0%] Built target _iiwa_msgs_generate_messages_check_deps_Spline
[35m[1mScanning dependencies of target _iiwa_msgs_generate_messages_check_deps_MoveToCartesianPoseActionGoal[0m
[35m[1mScanning dependencies of target _iiwa_msgs_generate_messages_check_deps_CartesianControlModeLimits[0m
[  0%] Built target _iiwa_msgs_generate_messages_check_deps_MoveToCartesianPoseResult
[  0%] Built target _iiwa_msgs_generate_messages_check_deps_SetEndpointFrame
[35m[1mScanning dependencies of target _iiwa_msgs_generate_messages_check_deps_CartesianImpedanceControlMode[0m
[35m[1mScanning dependencies of target _iiwa_msgs_generate_messages_check_deps_SetSpeedOverride[0m
[35m[1mScanning dependencies of target _iiwa_msgs_generate_messages_check_deps_SetPTPCartesianSpeedLimits[0m
[  0%] Built target _iiwa_msgs_generate_messages_check_deps_JointPosition
[  0%] Built target _iiwa_msgs_generate_messages_check_deps_MoveToCartesianPoseActionGoal
[35m[1mScanning dependencies of target _iiwa_msgs_generate_messages_check_deps_MoveAlongSplineActionResult[0m
[  0%] Built target _iiwa_msgs_generate_messages_check_deps_CartesianControlModeLimits
[  0%] Built target _iiwa_msgs_generate_messages_check_deps_CartesianImpedanceControlMode
[35m[1mScanning dependencies of target _iiwa_msgs_generate_messages_check_deps_MoveToCartesianPoseActionResult[0m
[  0%] Built target _iiwa_msgs_generate_messages_check_deps_SetSpeedOverride
[35m[1mScanning dependencies of target _iiwa_msgs_generate_messages_check_deps_MoveToJointPositionActionFeedback[0m
[  0%] Built target _iiwa_msgs_generate_messages_check_deps_SetPTPCartesianSpeedLimits
[35m[1mScanning dependencies of target _iiwa_msgs_generate_messages_check_deps_JointStiffness[0m
[35m[1mScanning dependencies of target _iiwa_msgs_generate_messages_check_deps_CartesianEulerPose[0m
[35m[1mScanning dependencies of target _iiwa_msgs_generate_messages_check_deps_CartesianPlane[0m
[  0%] Built target _iiwa_msgs_generate_messages_check_deps_MoveAlongSplineActionResult
[35m[1mScanning dependencies of target _iiwa_msgs_generate_messages_check_deps_DOF[0m
[  0%] Built target _iiwa_msgs_generate_messages_check_deps_MoveToCartesianPoseActionResult
[  0%] Built target _iiwa_msgs_generate_messages_check_deps_MoveToJointPositionActionFeedback
[  0%] Built target _iiwa_msgs_generate_messages_check_deps_JointStiffness
[35m[1mScanning dependencies of target geometry_msgs_generate_messages_eus[0m
[  0%] Built target _iiwa_msgs_generate_messages_check_deps_CartesianEulerPose
[35m[1mScanning dependencies of target _iiwa_msgs_generate_messages_check_deps_JointTorque[0m
[  0%] Built target _iiwa_msgs_generate_messages_check_deps_CartesianPlane
[35m[1mScanning dependencies of target _iiwa_msgs_generate_messages_check_deps_SetSmartServoLinSpeedLimits[0m
[  0%] Built target geometry_msgs_generate_messages_eus
[35m[1mScanning dependencies of target _iiwa_msgs_generate_messages_check_deps_MoveAlongSplineResult[0m
[35m[1mScanning dependencies of target _iiwa_msgs_generate_messages_check_deps_MoveToCartesianPoseActionFeedback[0m
[35m[1mScanning dependencies of target _iiwa_msgs_generate_messages_check_deps_MoveToCartesianPoseAction[0m
[  0%] Built target _iiwa_msgs_generate_messages_check_deps_DOF
[35m[1mScanning dependencies of target _iiwa_msgs_generate_messages_check_deps_ControlMode[0m
[  0%] Built target _iiwa_msgs_generate_messages_check_deps_JointTorque
[  0%] Built target _iiwa_msgs_generate_messages_check_deps_SetSmartServoLinSpeedLimits
[  0%] Built target _iiwa_msgs_generate_messages_check_deps_MoveAlongSplineResult
[35m[1mScanning dependencies of target actionlib_msgs_generate_messages_eus[0m
[  0%] Built target _iiwa_msgs_generate_messages_check_deps_MoveToCartesianPoseActionFeedback
[  0%] Built target _iiwa_msgs_generate_messages_check_deps_MoveToCartesianPoseAction
[35m[1mScanning dependencies of target std_msgs_generate_messages_eus[0m
[35m[1mScanning dependencies of target _iiwa_msgs_generate_messages_check_deps_JointPositionVelocity[0m
[  0%] Built target actionlib_msgs_generate_messages_eus
[35m[1mScanning dependencies of target _iiwa_msgs_generate_messages_check_deps_MoveAlongSplineAction[0m
[35m[1mScanning dependencies of target _iiwa_msgs_generate_messages_check_deps_SetPTPJointSpeedLimits[0m
[  0%] Built target std_msgs_generate_messages_eus
[  0%] Built target _iiwa_msgs_generate_messages_check_deps_ControlMode
[35m[1mScanning dependencies of target _iiwa_msgs_generate_messages_check_deps_MoveAlongSplineActionGoal[0m
[35m[1mScanning dependencies of target _iiwa_msgs_generate_messages_check_deps_SinePatternControlMode[0m
[35m[1mScanning dependencies of target _iiwa_msgs_generate_messages_check_deps_CartesianVelocity[0m
[  0%] Built target _iiwa_msgs_generate_messages_check_deps_JointPositionVelocity
[  0%] Built target _iiwa_msgs_generate_messages_check_deps_SetPTPJointSpeedLimits
[  0%] Built target _iiwa_msgs_generate_messages_check_deps_MoveAlongSplineAction
[  0%] Built target _iiwa_msgs_generate_messages_check_deps_MoveAlongSplineActionGoal
[35m[1mScanning dependencies of target _iiwa_msgs_generate_messages_check_deps_CartesianWrench[0m
[35m[1mScanning dependencies of target _iiwa_msgs_generate_messages_check_deps_SetWorkpiece[0m
[35m[1mScanning dependencies of target _iiwa_msgs_generate_messages_check_deps_DesiredForceControlMode[0m
[35m[1mScanning dependencies of target _iiwa_msgs_generate_messages_check_deps_JointImpedanceControlMode[0m
[  0%] Built target _iiwa_msgs_generate_messages_check_deps_SinePatternControlMode
[  0%] Built target _iiwa_msgs_generate_messages_check_deps_CartesianVelocity
[35m[1mScanning dependencies of target std_msgs_generate_messages_py[0m
[35m[1mScanning dependencies of target geometry_msgs_generate_messages_py[0m
[  0%] Built target std_msgs_generate_messages_py
[  0%] Built target geometry_msgs_generate_messages_py
[  0%] Built target _iiwa_msgs_generate_messages_check_deps_JointImpedanceControlMode
[  0%] Built target _iiwa_msgs_generate_messages_check_deps_DesiredForceControlMode
[  0%] Built target _iiwa_msgs_generate_messages_check_deps_CartesianWrench
[  0%] Built target _iiwa_msgs_generate_messages_check_deps_SetWorkpiece
[35m[1mScanning dependencies of target actionlib_msgs_generate_messages_py[0m
[35m[1mScanning dependencies of target actionlib_msgs_generate_messages_lisp[0m
[35m[1mScanning dependencies of target geometry_msgs_generate_messages_lisp[0m
[35m[1mScanning dependencies of target std_msgs_generate_messages_lisp[0m
[35m[1mScanning dependencies of target std_msgs_generate_messages_cpp[0m
[35m[1mScanning dependencies of target actionlib_msgs_generate_messages_cpp[0m
[  0%] Built target actionlib_msgs_generate_messages_lisp
[  0%] Built target actionlib_msgs_generate_messages_py
[  0%] Built target geometry_msgs_generate_messages_lisp
[  0%] Built target std_msgs_generate_messages_lisp
[  0%] Built target std_msgs_generate_messages_cpp
[  0%] Built target actionlib_msgs_generate_messages_cpp
[35m[1mScanning dependencies of target geometry_msgs_generate_messages_cpp[0m
[35m[1mScanning dependencies of target geometry_msgs_generate_messages_nodejs[0m
[35m[1mScanning dependencies of target std_msgs_generate_messages_nodejs[0m
[35m[1mScanning dependencies of target actionlib_msgs_generate_messages_nodejs[0m
[35m[1mScanning dependencies of target iiwa_msgs_generate_messages_eus[0m
[35m[1mScanning dependencies of target iiwa_msgs_generate_messages_py[0m
[  0%] Built target geometry_msgs_generate_messages_nodejs
[  0%] Built target geometry_msgs_generate_messages_cpp
[  0%] Built target std_msgs_generate_messages_nodejs
[  0%] Built target actionlib_msgs_generate_messages_nodejs
[ 20%] Built target iiwa_msgs_generate_messages_eus
[35m[1mScanning dependencies of target iiwa_msgs_generate_messages_lisp[0m
[ 41%] Built target iiwa_msgs_generate_messages_py
[35m[1mScanning dependencies of target iiwa_msgs_generate_messages_cpp[0m
[35m[1mScanning dependencies of target iiwa_msgs_generate_messages_nodejs[0m
[ 60%] Built target iiwa_msgs_generate_messages_cpp
[ 80%] Built target iiwa_msgs_generate_messages_lisp
[100%] Built target iiwa_msgs_generate_messages_nodejs
[35m[1mScanning dependencies of target iiwa_msgs_generate_messages[0m
[100%] Built target iiwa_msgs_generate_messages
