Determining if the pthread_create exist failed with the following output:
Change Dir: /home/academy/iiwa_stack_ws/build/ros2djs/CMakeFiles/CMakeTmp

Run Build Command:"/usr/bin/make" "cmTC_aa058/fast"
/usr/bin/make -f CMakeFiles/cmTC_aa058.dir/build.make CMakeFiles/cmTC_aa058.dir/build
make[1]: Entering directory '/home/academy/iiwa_stack_ws/build/ros2djs/CMakeFiles/CMakeTmp'
Building C object CMakeFiles/cmTC_aa058.dir/CheckSymbolExists.c.o
/usr/bin/cc    -o CMakeFiles/cmTC_aa058.dir/CheckSymbolExists.c.o   -c /home/academy/iiwa_stack_ws/build/ros2djs/CMakeFiles/CMakeTmp/CheckSymbolExists.c
Linking C executable cmTC_aa058
/usr/bin/cmake -E cmake_link_script CMakeFiles/cmTC_aa058.dir/link.txt --verbose=1
/usr/bin/cc      -rdynamic CMakeFiles/cmTC_aa058.dir/CheckSymbolExists.c.o  -o cmTC_aa058 
CMakeFiles/cmTC_aa058.dir/CheckSymbolExists.c.o: In function `main':
CheckSymbolExists.c:(.text+0x1b): undefined reference to `pthread_create'
collect2: error: ld returned 1 exit status
CMakeFiles/cmTC_aa058.dir/build.make:97: recipe for target 'cmTC_aa058' failed
make[1]: *** [cmTC_aa058] Error 1
make[1]: Leaving directory '/home/academy/iiwa_stack_ws/build/ros2djs/CMakeFiles/CMakeTmp'
Makefile:126: recipe for target 'cmTC_aa058/fast' failed
make: *** [cmTC_aa058/fast] Error 2

File /home/academy/iiwa_stack_ws/build/ros2djs/CMakeFiles/CMakeTmp/CheckSymbolExists.c:
/* */
#include <pthread.h>

int main(int argc, char** argv)
{
  (void)argv;
#ifndef pthread_create
  return ((int*)(&pthread_create))[argc];
#else
  (void)argc;
  return 0;
#endif
}

Determining if the function pthread_create exists in the pthreads failed with the following output:
Change Dir: /home/academy/iiwa_stack_ws/build/ros2djs/CMakeFiles/CMakeTmp

Run Build Command:"/usr/bin/make" "cmTC_18a33/fast"
/usr/bin/make -f CMakeFiles/cmTC_18a33.dir/build.make CMakeFiles/cmTC_18a33.dir/build
make[1]: Entering directory '/home/academy/iiwa_stack_ws/build/ros2djs/CMakeFiles/CMakeTmp'
Building C object CMakeFiles/cmTC_18a33.dir/CheckFunctionExists.c.o
/usr/bin/cc   -DCHECK_FUNCTION_EXISTS=pthread_create   -o CMakeFiles/cmTC_18a33.dir/CheckFunctionExists.c.o   -c /usr/share/cmake-3.10/Modules/CheckFunctionExists.c
Linking C executable cmTC_18a33
/usr/bin/cmake -E cmake_link_script CMakeFiles/cmTC_18a33.dir/link.txt --verbose=1
/usr/bin/cc  -DCHECK_FUNCTION_EXISTS=pthread_create    -rdynamic CMakeFiles/cmTC_18a33.dir/CheckFunctionExists.c.o  -o cmTC_18a33 -lpthreads 
/usr/bin/ld: cannot find -lpthreads
collect2: error: ld returned 1 exit status
CMakeFiles/cmTC_18a33.dir/build.make:97: recipe for target 'cmTC_18a33' failed
make[1]: *** [cmTC_18a33] Error 1
make[1]: Leaving directory '/home/academy/iiwa_stack_ws/build/ros2djs/CMakeFiles/CMakeTmp'
Makefile:126: recipe for target 'cmTC_18a33/fast' failed
make: *** [cmTC_18a33/fast] Error 2


