Determining if the pthread_create exist failed with the following output:
Change Dir: /home/rosie2/iiwa_stack_ws_max/build/iiwa_gazebo/CMakeFiles/CMakeTmp

Run Build Command:"/usr/bin/make" "cmTC_79c8c/fast"
/usr/bin/make -f CMakeFiles/cmTC_79c8c.dir/build.make CMakeFiles/cmTC_79c8c.dir/build
make[1]: Entering directory '/home/rosie2/iiwa_stack_ws_max/build/iiwa_gazebo/CMakeFiles/CMakeTmp'
Building C object CMakeFiles/cmTC_79c8c.dir/CheckSymbolExists.c.o
/usr/bin/cc    -o CMakeFiles/cmTC_79c8c.dir/CheckSymbolExists.c.o   -c /home/rosie2/iiwa_stack_ws_max/build/iiwa_gazebo/CMakeFiles/CMakeTmp/CheckSymbolExists.c
Linking C executable cmTC_79c8c
/usr/bin/cmake -E cmake_link_script CMakeFiles/cmTC_79c8c.dir/link.txt --verbose=1
/usr/bin/cc      -rdynamic CMakeFiles/cmTC_79c8c.dir/CheckSymbolExists.c.o  -o cmTC_79c8c 
CMakeFiles/cmTC_79c8c.dir/CheckSymbolExists.c.o: In function `main':
CheckSymbolExists.c:(.text+0x1b): undefined reference to `pthread_create'
collect2: error: ld returned 1 exit status
CMakeFiles/cmTC_79c8c.dir/build.make:97: recipe for target 'cmTC_79c8c' failed
make[1]: *** [cmTC_79c8c] Error 1
make[1]: Leaving directory '/home/rosie2/iiwa_stack_ws_max/build/iiwa_gazebo/CMakeFiles/CMakeTmp'
Makefile:126: recipe for target 'cmTC_79c8c/fast' failed
make: *** [cmTC_79c8c/fast] Error 2

File /home/rosie2/iiwa_stack_ws_max/build/iiwa_gazebo/CMakeFiles/CMakeTmp/CheckSymbolExists.c:
/* */
#include <pthread.h>

int main(int argc, char** argv)
{
  (void)argv;
#ifndef pthread_create
  return ((int*)(&pthread_create))[argc];
#else
  (void)argc;
  return 0;
#endif
}

Determining if the function pthread_create exists in the pthreads failed with the following output:
Change Dir: /home/rosie2/iiwa_stack_ws_max/build/iiwa_gazebo/CMakeFiles/CMakeTmp

Run Build Command:"/usr/bin/make" "cmTC_dbaff/fast"
/usr/bin/make -f CMakeFiles/cmTC_dbaff.dir/build.make CMakeFiles/cmTC_dbaff.dir/build
make[1]: Entering directory '/home/rosie2/iiwa_stack_ws_max/build/iiwa_gazebo/CMakeFiles/CMakeTmp'
Building C object CMakeFiles/cmTC_dbaff.dir/CheckFunctionExists.c.o
/usr/bin/cc   -DCHECK_FUNCTION_EXISTS=pthread_create   -o CMakeFiles/cmTC_dbaff.dir/CheckFunctionExists.c.o   -c /usr/share/cmake-3.10/Modules/CheckFunctionExists.c
Linking C executable cmTC_dbaff
/usr/bin/cmake -E cmake_link_script CMakeFiles/cmTC_dbaff.dir/link.txt --verbose=1
/usr/bin/cc  -DCHECK_FUNCTION_EXISTS=pthread_create    -rdynamic CMakeFiles/cmTC_dbaff.dir/CheckFunctionExists.c.o  -o cmTC_dbaff -lpthreads 
/usr/bin/ld: cannot find -lpthreads
collect2: error: ld returned 1 exit status
CMakeFiles/cmTC_dbaff.dir/build.make:97: recipe for target 'cmTC_dbaff' failed
make[1]: *** [cmTC_dbaff] Error 1
make[1]: Leaving directory '/home/rosie2/iiwa_stack_ws_max/build/iiwa_gazebo/CMakeFiles/CMakeTmp'
Makefile:126: recipe for target 'cmTC_dbaff/fast' failed
make: *** [cmTC_dbaff/fast] Error 2


