Determining if the pthread_create exist failed with the following output:
Change Dir: /home/academy/iiwa_stack_ws/build/rviz_camera_stream/CMakeFiles/CMakeTmp

Run Build Command:"/usr/bin/make" "cmTC_cd34a/fast"
/usr/bin/make -f CMakeFiles/cmTC_cd34a.dir/build.make CMakeFiles/cmTC_cd34a.dir/build
make[1]: Entering directory '/home/academy/iiwa_stack_ws/build/rviz_camera_stream/CMakeFiles/CMakeTmp'
Building C object CMakeFiles/cmTC_cd34a.dir/CheckSymbolExists.c.o
/usr/bin/cc    -o CMakeFiles/cmTC_cd34a.dir/CheckSymbolExists.c.o   -c /home/academy/iiwa_stack_ws/build/rviz_camera_stream/CMakeFiles/CMakeTmp/CheckSymbolExists.c
Linking C executable cmTC_cd34a
/usr/bin/cmake -E cmake_link_script CMakeFiles/cmTC_cd34a.dir/link.txt --verbose=1
/usr/bin/cc      -rdynamic CMakeFiles/cmTC_cd34a.dir/CheckSymbolExists.c.o  -o cmTC_cd34a 
CMakeFiles/cmTC_cd34a.dir/CheckSymbolExists.c.o: In function `main':
CheckSymbolExists.c:(.text+0x1b): undefined reference to `pthread_create'
collect2: error: ld returned 1 exit status
CMakeFiles/cmTC_cd34a.dir/build.make:97: recipe for target 'cmTC_cd34a' failed
make[1]: *** [cmTC_cd34a] Error 1
make[1]: Leaving directory '/home/academy/iiwa_stack_ws/build/rviz_camera_stream/CMakeFiles/CMakeTmp'
Makefile:126: recipe for target 'cmTC_cd34a/fast' failed
make: *** [cmTC_cd34a/fast] Error 2

File /home/academy/iiwa_stack_ws/build/rviz_camera_stream/CMakeFiles/CMakeTmp/CheckSymbolExists.c:
/* */
#include <pthread.h>

int main(int argc, char** argv)
{
  (void)argv;
#ifndef pthread_create
  return ((int*)(&pthread_create))[argc];
#else
  (void)argc;
  return 0;
#endif
}

Determining if the function pthread_create exists in the pthreads failed with the following output:
Change Dir: /home/academy/iiwa_stack_ws/build/rviz_camera_stream/CMakeFiles/CMakeTmp

Run Build Command:"/usr/bin/make" "cmTC_9243e/fast"
/usr/bin/make -f CMakeFiles/cmTC_9243e.dir/build.make CMakeFiles/cmTC_9243e.dir/build
make[1]: Entering directory '/home/academy/iiwa_stack_ws/build/rviz_camera_stream/CMakeFiles/CMakeTmp'
Building C object CMakeFiles/cmTC_9243e.dir/CheckFunctionExists.c.o
/usr/bin/cc   -DCHECK_FUNCTION_EXISTS=pthread_create   -o CMakeFiles/cmTC_9243e.dir/CheckFunctionExists.c.o   -c /usr/share/cmake-3.10/Modules/CheckFunctionExists.c
Linking C executable cmTC_9243e
/usr/bin/cmake -E cmake_link_script CMakeFiles/cmTC_9243e.dir/link.txt --verbose=1
/usr/bin/cc  -DCHECK_FUNCTION_EXISTS=pthread_create    -rdynamic CMakeFiles/cmTC_9243e.dir/CheckFunctionExists.c.o  -o cmTC_9243e -lpthreads 
/usr/bin/ld: cannot find -lpthreads
collect2: error: ld returned 1 exit status
CMakeFiles/cmTC_9243e.dir/build.make:97: recipe for target 'cmTC_9243e' failed
make[1]: *** [cmTC_9243e] Error 1
make[1]: Leaving directory '/home/academy/iiwa_stack_ws/build/rviz_camera_stream/CMakeFiles/CMakeTmp'
Makefile:126: recipe for target 'cmTC_9243e/fast' failed
make: *** [cmTC_9243e/fast] Error 2


